*** Fatal Error ***
Address not mapped to object (signal 11)
Address: 0x8

System: Linux gpu5 4.13.0-38-generic #43~16.04.1-Ubuntu SMP Wed Mar 14 17:48:43 UTC 2018 x86_64 x86_64 x86_64 GNU/Linux

ViZDoom version 1.1.5 (ZDOOM 2.8.1) ()
Compiler version: 5.4.0 20160609

Command line: /home/juan/.local/lib/python3.5/site-packages/vizdoom/vizdoom -iwad /home/juan/.local/lib/python3.5/site-packages/vizdoom/freedoom2.wad -config _vizdoom.ini -skill 5 -width 320 -height 240 +vid_aspect 3 +fullscreen 0 +viz_controlled 1 +viz_instance_id CTcqPpsdN0 +viz_async 1 +use_mouse 0 -rngseed 1079865347 +viz_render_mode 3652 +viz_noconsole 1 +viz_screen_format 0 -noidle -nojoy -file /home/juan/ViZDoom/scenarios/1roomfront_random.wad

Wad 0: vizdoom.pk3
Wad 1: freedoom2.wad
Wad 2: 1roomfront_random.wad

Not in a level.

Executing: gdb --quiet --batch --command=gdb-respfile-DBZvCv
[New LWP 14235]
[New LWP 14236]
[New LWP 14237]
[Thread debugging using libthread_db enabled]
Using host libthread_db library "/lib/x86_64-linux-gnu/libthread_db.so.1".
0x00007fe790589f7b in __waitpid (pid=14272, stat_loc=0xbecc6c, options=0) at ../sysdeps/unix/sysv/linux/waitpid.c:29

* Loaded Libraries
From                To                  Syms Read   Shared Object Library
0x00007fe791076f80  0x00007fe7912d001e  Yes (*)     /usr/lib/x86_64-linux-gnu/libgtk-x11-2.0.so.0
0x00007fe790dc4f00  0x00007fe790df58f6  Yes (*)     /usr/lib/x86_64-linux-gnu/libgobject-2.0.so.0
0x00007fe790ac3860  0x00007fe790b3a7b9  Yes (*)     /lib/x86_64-linux-gnu/libglib-2.0.so.0
0x00007fe7907af110  0x00007fe7908652e0  Yes (*)     /usr/lib/x86_64-linux-gnu/libSDL2-2.0.so.0
0x00007fe79057ea30  0x00007fe79058ba51  Yes         /lib/x86_64-linux-gnu/libpthread.so.0
0x00007fe790373100  0x00007fe7903761df  Yes         /lib/x86_64-linux-gnu/librt.so.1
0x00007fe790158db0  0x00007fe790169810  Yes (*)     /lib/x86_64-linux-gnu/libz.so.1
0x00007fe78ff01d50  0x00007fe78ff3be80  Yes (*)     /usr/lib/x86_64-linux-gnu/libjpeg.so.8
0x00007fe78fcef3c0  0x00007fe78fcfb092  Yes (*)     /lib/x86_64-linux-gnu/libbz2.so.1.0
0x00007fe78fad7cf0  0x00007fe78fae69bf  Yes (*)     /usr/lib/x86_64-linux-gnu/libboost_thread.so.1.58.0
0x00007fe78f8c4ff0  0x00007fe78f8c5c66  Yes (*)     /usr/lib/x86_64-linux-gnu/libboost_system.so.1.58.0
0x00007fe78f6c0da0  0x00007fe78f6c198e  Yes         /lib/x86_64-linux-gnu/libdl.so.2
0x00007fe78f3c7d20  0x00007fe78f473cc9  Yes (*)     /usr/lib/x86_64-linux-gnu/libstdc++.so.6
0x00007fe78f03a600  0x00007fe78f0abd0a  Yes         /lib/x86_64-linux-gnu/libm.so.6
0x00007fe78ee21a70  0x00007fe78ee318b5  Yes (*)     /lib/x86_64-linux-gnu/libgcc_s.so.1
0x00007fe78ea748b0  0x00007fe78ebc7b04  Yes         /lib/x86_64-linux-gnu/libc.so.6
0x00007fe78e7bd950  0x00007fe78e81475b  Yes (*)     /usr/lib/x86_64-linux-gnu/libgdk-x11-2.0.so.0
0x00007fe78e59d170  0x00007fe78e59e075  Yes (*)     /usr/lib/x86_64-linux-gnu/libgmodule-2.0.so.0
0x00007fe78e393980  0x00007fe78e398746  Yes (*)     /usr/lib/x86_64-linux-gnu/libpangocairo-1.0.so.0
0x00007fe78e06d870  0x00007fe78e0f52e4  Yes (*)     /usr/lib/x86_64-linux-gnu/libX11.so.6
0x00007fe78de50530  0x00007fe78de52756  Yes (*)     /usr/lib/x86_64-linux-gnu/libXfixes.so.3
0x00007fe78dc34780  0x00007fe78dc40bc3  Yes (*)     /usr/lib/x86_64-linux-gnu/libatk-1.0.so.0
0x00007fe78d927c40  0x00007fe78d9e9897  Yes (*)     /usr/lib/x86_64-linux-gnu/libcairo.so.2
0x00007fe78d6fa0b0  0x00007fe78d70c9f9  Yes (*)     /usr/lib/x86_64-linux-gnu/libgdk_pixbuf-2.0.so.0
0x00007fe78d3a1880  0x00007fe78d474e9b  Yes (*)     /usr/lib/x86_64-linux-gnu/libgio-2.0.so.0
0x00007fe78d15d1f0  0x00007fe78d16587d  Yes (*)     /usr/lib/x86_64-linux-gnu/libpangoft2-1.0.so.0
0x00007fe78cf16ff0  0x00007fe78cf36396  Yes (*)     /usr/lib/x86_64-linux-gnu/libpango-1.0.so.0
0x00007fe78cccdd60  0x00007fe78cced02a  Yes (*)     /usr/lib/x86_64-linux-gnu/libfontconfig.so.1
0x00007fe78cac07f0  0x00007fe78cac509c  Yes (*)     /usr/lib/x86_64-linux-gnu/libffi.so.6
0x00007fe78c850530  0x00007fe78c89f623  Yes (*)     /lib/x86_64-linux-gnu/libpcre.so.3
0x00007fe78c579aa0  0x00007fe78c609b02  Yes (*)     /usr/lib/x86_64-linux-gnu/libasound.so.2
0x00007fe78c30ab20  0x00007fe78c337b59  Yes (*)     /usr/lib/x86_64-linux-gnu/libpulse.so.0
0x00007fe78c0f1be0  0x00007fe78c0f8347  Yes (*)     /usr/lib/x86_64-linux-gnu/libsndio.so.6.1
0x00007fe78bee0590  0x00007fe78beea39f  Yes (*)     /usr/lib/x86_64-linux-gnu/libXext.so.6
0x00007fe78bcd53e0  0x00007fe78bcd9fd7  Yes (*)     /usr/lib/x86_64-linux-gnu/libXcursor.so.1
0x00007fe78bad0af0  0x00007fe78bad13ec  Yes (*)     /usr/lib/x86_64-linux-gnu/libXinerama.so.1
0x00007fe78b8c21a0  0x00007fe78b8cc6f7  Yes (*)     /usr/lib/x86_64-linux-gnu/libXi.so.6
0x00007fe78b6b6c70  0x00007fe78b6bca82  Yes (*)     /usr/lib/x86_64-linux-gnu/libXrandr.so.2
0x00007fe78b4b1cd0  0x00007fe78b4b2a8c  Yes (*)     /usr/lib/x86_64-linux-gnu/libXss.so.1
0x00007fe78b2abfc0  0x00007fe78b2ae8c8  Yes (*)     /usr/lib/x86_64-linux-gnu/libXxf86vm.so.1
0x00007fe78b0a96a0  0x00007fe78b0a98d6  Yes (*)     /usr/lib/x86_64-linux-gnu/libwayland-egl.so.1
0x00007fe78ae9f180  0x00007fe78aea39ff  Yes (*)     /usr/lib/x86_64-linux-gnu/libwayland-client.so.0
0x00007fe78ac93200  0x00007fe78ac94d71  Yes (*)     /usr/lib/x86_64-linux-gnu/libwayland-cursor.so.0
0x00007fe78aa56e70  0x00007fe78aa71895  Yes (*)     /usr/lib/x86_64-linux-gnu/libxkbcommon.so.0
0x00007fe791658ac0  0x00007fe791676850  Yes         /lib64/ld-linux-x86-64.so.2
0x00007fe78a84aad0  0x00007fe78a8509e5  Yes (*)     /usr/lib/x86_64-linux-gnu/libXrender.so.1
0x00007fe78a646c40  0x00007fe78a647618  Yes (*)     /usr/lib/x86_64-linux-gnu/libXcomposite.so.1
0x00007fe78a443b90  0x00007fe78a44449b  Yes (*)     /usr/lib/x86_64-linux-gnu/libXdamage.so.1
0x00007fe78a1a6c60  0x00007fe78a216292  Yes (*)     /usr/lib/x86_64-linux-gnu/libfreetype.so.6
0x00007fe789f806b0  0x00007fe789f8f1a5  Yes (*)     /usr/lib/x86_64-linux-gnu/libxcb.so.1
0x00007fe789cd8be0  0x00007fe789d5db30  Yes (*)     /usr/lib/x86_64-linux-gnu/libpixman-1.so.0
0x00007fe789aada70  0x00007fe789ac6373  Yes (*)     /lib/x86_64-linux-gnu/libpng12.so.0
0x00007fe7898a6db0  0x00007fe7898a78c3  Yes (*)     /usr/lib/x86_64-linux-gnu/libxcb-shm.so.0
0x00007fe78969f460  0x00007fe7896a28da  Yes (*)     /usr/lib/x86_64-linux-gnu/libxcb-render.so.0
0x00007fe78947fab0  0x00007fe78949229b  Yes (*)     /lib/x86_64-linux-gnu/libselinux.so.1
0x00007fe789262950  0x00007fe7892722b8  Yes         /lib/x86_64-linux-gnu/libresolv.so.2
0x00007fe789007650  0x00007fe789042519  Yes (*)     /usr/lib/x86_64-linux-gnu/libharfbuzz.so.0
0x00007fe788df9b90  0x00007fe788dfd455  Yes (*)     /usr/lib/x86_64-linux-gnu/libthai.so.0
0x00007fe788bd2b00  0x00007fe788beac39  Yes (*)     /lib/x86_64-linux-gnu/libexpat.so.1
0x00007fe7889c6800  0x00007fe7889cb612  Yes (*)     /lib/x86_64-linux-gnu/libjson-c.so.2
0x00007fe78875ae70  0x00007fe78879d899  Yes (*)     /usr/lib/x86_64-linux-gnu/pulseaudio/libpulsecommon-8.0.so
0x00007fe788507460  0x00007fe7885321e4  Yes (*)     /lib/x86_64-linux-gnu/libdbus-1.so.3
0x00007fe7882eb400  0x00007fe7882f861f  Yes (*)     /lib/x86_64-linux-gnu/libbsd.so.0
0x00007fe7880e4e50  0x00007fe7880e5acc  Yes (*)     /usr/lib/x86_64-linux-gnu/libXau.so.6
0x00007fe787edf1d0  0x00007fe787ee0b38  Yes (*)     /usr/lib/x86_64-linux-gnu/libXdmcp.so.6
0x00007fe787cba490  0x00007fe787cd6065  Yes (*)     /usr/lib/x86_64-linux-gnu/libgraphite2.so.3
0x00007fe787ab1130  0x00007fe787ab45bd  Yes (*)     /usr/lib/x86_64-linux-gnu/libdatrie.so.1
0x00007fe7917bf810  0x00007fe791816b4f  Yes (*)     /lib/x86_64-linux-gnu/libsystemd.so.0
0x00007fe7878a8d70  0x00007fe7878ac798  Yes (*)     /lib/x86_64-linux-gnu/libwrap.so.0
0x00007fe7876430d0  0x00007fe78768554c  Yes (*)     /usr/lib/x86_64-linux-gnu/libsndfile.so.1
0x00007fe787438300  0x00007fe78743a988  Yes (*)     /usr/lib/x86_64-linux-gnu/libasyncns.so.0
0x00007fe7872170d0  0x00007fe78722b24d  Yes (*)     /lib/x86_64-linux-gnu/liblzma.so.5
0x00007fe786f3cd00  0x00007fe786fdd448  Yes (*)     /lib/x86_64-linux-gnu/libgcrypt.so.20
0x00007fe786d1eff0  0x00007fe786d2c1e1  Yes         /lib/x86_64-linux-gnu/libnsl.so.1
0x00007fe786aae420  0x00007fe786b0fcfd  Yes (*)     /usr/lib/x86_64-linux-gnu/libFLAC.so.8
0x00007fe786810a60  0x00007fe7868131a7  Yes (*)     /usr/lib/x86_64-linux-gnu/libvorbisenc.so.2
0x00007fe7865eb8d0  0x00007fe7865f4db9  Yes (*)     /lib/x86_64-linux-gnu/libgpg-error.so.0
0x00007fe7863e1a70  0x00007fe7863e5c05  Yes (*)     /usr/lib/x86_64-linux-gnu/libogg.so.0
0x00007fe7861b7d90  0x00007fe7861cdb3d  Yes (*)     /usr/lib/x86_64-linux-gnu/libvorbis.so.0
0x00007fe785ccd1b0  0x00007fe785cd32a1  Yes         /lib/x86_64-linux-gnu/libnss_files.so.2
0x00007fe791789720  0x00007fe79179ae9a  Yes (*)     /lib/x86_64-linux-gnu/libudev.so.1
0x00007fe785a65ee0  0x00007fe785aa7825  Yes (*)     /usr/lib/x86_64-linux-gnu/libopenal.so
0x00007fe777d11500  0x00007fe777d8a401  Yes (*)     /usr/lib/nvidia-390/libGL.so.1
0x00007fe777abe9a0  0x00007fe777ac0683  Yes (*)     /usr/lib/nvidia-390/tls/libnvidia-tls.so.390.30
0x00007fe775f95310  0x00007fe7770db2a7  Yes (*)     /usr/lib/nvidia-390/libnvidia-glcore.so.390.30
(*): Shared library is missing debugging information.

* Threads
  Id   Target Id         Frame 
* 1    Thread 0x7fe7917a7a40 (LWP 14218) "vizdoom" 0x00007fe790589f7b in __waitpid (pid=14272, stat_loc=0xbecc6c, options=0) at ../sysdeps/unix/sysv/linux/waitpid.c:29
  2    Thread 0x7fe785a5a700 (LWP 14235) "threaded-ml" 0x00007fe78eb5074d in poll () at ../sysdeps/unix/syscall-template.S:84
  3    Thread 0x7fe791784700 (LWP 14236) "alsoft-mixer" pthread_cond_wait@@GLIBC_2.3.2 () at ../sysdeps/unix/sysv/linux/x86_64/pthread_cond_wait.S:143
  4    Thread 0x7fe781258700 (LWP 14237) "SDLTimer" 0x00007fe790588827 in futex_abstimed_wait_cancelable (private=0, abstime=0x0, expected=0, futex_word=0x2023380) at ../sysdeps/unix/sysv/linux/futex-internal.h:205

* FPU Status
  R7: Empty   0x00000000000000000000
  R6: Empty   0x00000000000000000000
  R5: Empty   0x00000000000000000000
  R4: Empty   0x00000000000000000000
  R3: Empty   0x00000000000000000000
  R2: Empty   0x00000000000000000000
  R1: Empty   0x00000000000000000000
=>R0: Empty   0x00000000000000000000

Status Word:         0x0000                                            
                       TOP: 0
Control Word:        0x037f   IM DM ZM OM UM PM
                       PC: Extended Precision (64-bits)
                       RC: Round to nearest
Tag Word:            0xffff
Instruction Pointer: 0x00:0x00000000
Operand Pointer:     0x00:0x00000000
Opcode:              0x0000

* Registers
rax            0xfffffffffffffe00	-512
rbx            0x37c0	14272
rcx            0x7fe790589f7b	140632535900027
rdx            0x0	0
rsi            0xbecc6c	12504172
rdi            0x37c0	14272
rbp            0xbecc6c	0xbecc6c
rsp            0xbecc30	0xbecc30
r8             0x0	0
r9             0x7fe7917a7a40	140632554895936
r10            0x0	0
r11            0x246	582
r12            0x0	0
r13            0x1090	4240
r14            0xbea160	12493152
r15            0x12	18
rip            0x7fe790589f7b	0x7fe790589f7b <__waitpid+107>
eflags         0x246	[ PF ZF IF ]
cs             0x33	51
ss             0x2b	43
ds             0x0	0
es             0x0	0
fs             0x0	0
gs             0x0	0

* Backtrace

Thread 4 (Thread 0x7fe781258700 (LWP 14237)):
#0  0x00007fe790588827 in futex_abstimed_wait_cancelable (private=0, abstime=0x0, expected=0, futex_word=0x2023380) at ../sysdeps/unix/sysv/linux/futex-internal.h:205
        __ret = -512
        oldtype = 2
        err = <optimized out>
#1  do_futex_wait (sem=sem@entry=0x2023380, abstime=0x0) at sem_waitcommon.c:111
No locals.
#2  0x00007fe7905888d4 in __new_sem_wait_slow (sem=0x2023380, abstime=0x0) at sem_waitcommon.c:181
        _buffer = {__routine = 0x7fe7905887e0 <__sem_wait_cleanup>, __arg = 0x2023380, __canceltype = 0, __prev = 0x0}
        err = <optimized out>
        d = 0
#3  0x00007fe79058897a in __new_sem_wait (sem=<optimized out>) at sem_wait.c:29
No locals.
#4  0x00007fe79085f6ce in ?? () from /usr/lib/x86_64-linux-gnu/libSDL2-2.0.so.0
No symbol table info available.
#5  0x00007fe79085f825 in ?? () from /usr/lib/x86_64-linux-gnu/libSDL2-2.0.so.0
No symbol table info available.
#6  0x00007fe790811503 in ?? () from /usr/lib/x86_64-linux-gnu/libSDL2-2.0.so.0
No symbol table info available.
#7  0x00007fe79081109c in ?? () from /usr/lib/x86_64-linux-gnu/libSDL2-2.0.so.0
No symbol table info available.
#8  0x00007fe79085f399 in ?? () from /usr/lib/x86_64-linux-gnu/libSDL2-2.0.so.0
No symbol table info available.
#9  0x00007fe7905806ba in start_thread (arg=0x7fe781258700) at pthread_create.c:333
        __res = <optimized out>
        pd = 0x7fe781258700
        now = <optimized out>
        unwind_buf = {cancel_jmp_buf = {{jmp_buf = {140632280893184, -1096147414127022535, 0, 140722736227023, 140632280893888, 140722736227680, 1082748434831568441, 1082714440371334713}, mask_was_saved = 0}}, priv = {pad = {0x0, 0x0, 0x0, 0x0}, data = {prev = 0x0, cleanup = 0x0, canceltype = 0}}}
        not_first_call = <optimized out>
        pagesize_m1 = <optimized out>
        sp = <optimized out>
        freesize = <optimized out>
        __PRETTY_FUNCTION__ = "start_thread"
#10 0x00007fe78eb5c41d in clone () at ../sysdeps/unix/sysv/linux/x86_64/clone.S:109
No locals.

Thread 3 (Thread 0x7fe791784700 (LWP 14236)):
#0  pthread_cond_wait@@GLIBC_2.3.2 () at ../sysdeps/unix/sysv/linux/x86_64/pthread_cond_wait.S:143
No locals.
#1  0x00007fe78c331e48 in pa_threaded_mainloop_wait () from /usr/lib/x86_64-linux-gnu/libpulse.so.0
No symbol table info available.
#2  0x00007fe785aa3a69 in ?? () from /usr/lib/x86_64-linux-gnu/libopenal.so
No symbol table info available.
#3  0x00007fe785aa6f27 in ?? () from /usr/lib/x86_64-linux-gnu/libopenal.so
No symbol table info available.
#4  0x00007fe7905806ba in start_thread (arg=0x7fe791784700) at pthread_create.c:333
        __res = <optimized out>
        pd = 0x7fe791784700
        now = <optimized out>
        unwind_buf = {cancel_jmp_buf = {{jmp_buf = {140632554751744, -1096147414127022535, 0, 140722736226783, 140632554752448, 140632356698352, 1082712518167555641, 1082714440371334713}, mask_was_saved = 0}}, priv = {pad = {0x0, 0x0, 0x0, 0x0}, data = {prev = 0x0, cleanup = 0x0, canceltype = 0}}}
        not_first_call = <optimized out>
        pagesize_m1 = <optimized out>
        sp = <optimized out>
        freesize = <optimized out>
        __PRETTY_FUNCTION__ = "start_thread"
#5  0x00007fe78eb5c41d in clone () at ../sysdeps/unix/sysv/linux/x86_64/clone.S:109
No locals.

Thread 2 (Thread 0x7fe785a5a700 (LWP 14235)):
#0  0x00007fe78eb5074d in poll () at ../sysdeps/unix/syscall-template.S:84
No locals.
#1  0x00007fe78c331861 in ?? () from /usr/lib/x86_64-linux-gnu/libpulse.so.0
No symbol table info available.
#2  0x00007fe78c322e11 in pa_mainloop_poll () from /usr/lib/x86_64-linux-gnu/libpulse.so.0
No symbol table info available.
#3  0x00007fe78c3234ae in pa_mainloop_iterate () from /usr/lib/x86_64-linux-gnu/libpulse.so.0
No symbol table info available.
#4  0x00007fe78c323560 in pa_mainloop_run () from /usr/lib/x86_64-linux-gnu/libpulse.so.0
No symbol table info available.
#5  0x00007fe78c3317a9 in ?? () from /usr/lib/x86_64-linux-gnu/libpulse.so.0
No symbol table info available.
#6  0x00007fe788799078 in ?? () from /usr/lib/x86_64-linux-gnu/pulseaudio/libpulsecommon-8.0.so
No symbol table info available.
#7  0x00007fe7905806ba in start_thread (arg=0x7fe785a5a700) at pthread_create.c:333
        __res = <optimized out>
        pd = 0x7fe785a5a700
        now = <optimized out>
        unwind_buf = {cancel_jmp_buf = {{jmp_buf = {140632356398848, -1096147414127022535, 0, 140722736226767, 8388608, 33626848, 1082756132486704697, 1082714440371334713}, mask_was_saved = 0}}, priv = {pad = {0x0, 0x0, 0x0, 0x0}, data = {prev = 0x0, cleanup = 0x0, canceltype = 0}}}
        not_first_call = <optimized out>
        pagesize_m1 = <optimized out>
        sp = <optimized out>
        freesize = <optimized out>
        __PRETTY_FUNCTION__ = "start_thread"
#8  0x00007fe78eb5c41d in clone () at ../sysdeps/unix/sysv/linux/x86_64/clone.S:109
No locals.

Thread 1 (Thread 0x7fe7917a7a40 (LWP 14218)):
#0  0x00007fe790589f7b in __waitpid (pid=14272, stat_loc=0xbecc6c, options=0) at ../sysdeps/unix/sysv/linux/waitpid.c:29
        resultvar = 18446744073709551104
        sc_cancel_oldtype = 0
#1  0x000000000051ce14 in ?? ()
No symbol table info available.
#2  <signal handler called>
No locals.
#3  0x000000000052357d in SDLFB::UpdateColors() ()
No symbol table info available.
#4  0x0000000000524c01 in SDLFB::SDLFB(int, int, bool, SDL_Window*) ()
No symbol table info available.
#5  0x0000000000524f14 in SDLVideo::CreateFrameBuffer(int, int, bool, DFrameBuffer*) ()
No symbol table info available.
#6  0x00000000006ce3ce in V_DoModeSetup(int, int, int) ()
No symbol table info available.
#7  0x00000000006ce7ee in V_Init2() ()
No symbol table info available.
#8  0x000000000055777a in D_DoomMain() ()
No symbol table info available.
#9  0x0000000000504578 in main ()
No symbol table info available.
